-------------------------------------------------------------------------------
Test set: com.trilobiet.graphqlweb.implementations.aexpgraphql.TopicRequestTests
-------------------------------------------------------------------------------
Tests run: 6, Failures: 1, Errors: 0, Skipped: 0, Time elapsed: 0.065 s <<< FAILURE! - in com.trilobiet.graphqlweb.implementations.aexpgraphql.TopicRequestTests
test_graphql_query_for_list_of_Sections(com.trilobiet.graphqlweb.implementations.aexpgraphql.TopicRequestTests)  Time elapsed: 0.028 s  <<< FAILURE!
java.lang.AssertionError
	at com.trilobiet.graphqlweb.implementations.aexpgraphql.TopicRequestTests.test_graphql_query_for_list_of_Sections(TopicRequestTests.java:64)

