<?xml version="1.0" encoding="UTF-8"?>
<testsuite xmlns:xsi="http://www.w3.org/2001/XMLSchema-instance" xsi:noNamespaceSchemaLocation="https://maven.apache.org/surefire/maven-surefire-plugin/xsd/surefire-test-report.xsd" name="graphqlweb.TopicTests" time="2.148" tests="2" errors="0" skipped="0" failures="2">
  <properties>
[...]
</properties>
  <testcase name="given_json_from_file_then_create_list_of_topics" classname="graphqlweb.TopicTests" time="1.981">
    <failure message="expected:&lt;[Topic Topic 1, articles=[Topic.Article [id=223, slug=/article1, title=Article 1]]], Topic Topic 2, articles=[Topic.Article [id=224, slug=/article2, title=Article 2]]], Topic Topic 3, articles=[Topic.Article [id=225, slug=/article3, title=Article 3]]]]&gt; but was:&lt;[]&gt;" type="java.lang.AssertionError">java.lang.AssertionError: expected:&lt;[Topic Topic 1, articles=[Topic.Article [id=223, slug=/article1, title=Article 1]]], Topic Topic 2, articles=[Topic.Article [id=224, slug=/article2, title=Article 2]]], Topic Topic 3, articles=[Topic.Article [id=225, slug=/article3, title=Article 3]]]]&gt; but was:&lt;[]&gt;	at graphqlweb.TopicTests.given_json_from_file_then_create_list_of_topics(TopicTests.java:80)</failure>
    <system-err><![CDATA[Jan 19, 2020 8:43:11 PM okhttp3.mockwebserver.MockWebServer$2 execute
INFO: MockWebServer[38677] starting to accept connections
Jan 19, 2020 8:43:11 PM okhttp3.mockwebserver.MockWebServer$3 processOneRequest
INFO: MockWebServer[38677] received request: POST /testTopicsMapping HTTP/1.1 and responded: HTTP/1.1 200 OK
Jan 19, 2020 8:43:11 PM okhttp3.mockwebserver.MockWebServer$2 acceptConnections
INFO: MockWebServer[38677] done accepting connections: Socket closed
]]></system-err>
  </testcase>
  <testcase name="testNothing" classname="graphqlweb.TopicTests" time="0.013">
    <failure message="These are not the same,  expected:&lt;1&gt; but was:&lt;2&gt;" type="java.lang.AssertionError"><![CDATA[java.lang.AssertionError: These are not the same,  expected:<1> but was:<2>
	at graphqlweb.TopicTests.testNothing(TopicTests.java:51)
]]></failure>
    <system-err><![CDATA[Jan 19, 2020 8:43:11 PM okhttp3.mockwebserver.MockWebServer$2 execute
INFO: MockWebServer[44661] starting to accept connections
Jan 19, 2020 8:43:11 PM okhttp3.mockwebserver.MockWebServer$2 acceptConnections
INFO: MockWebServer[44661] done accepting connections: Socket is closed
]]></system-err>
  </testcase>
</testsuite>