<?xml version="1.0" encoding="UTF-8"?>
<testsuite xmlns:xsi="http://www.w3.org/2001/XMLSchema-instance" xsi:noNamespaceSchemaLocation="https://maven.apache.org/surefire/maven-surefire-plugin/xsd/surefire-test-report.xsd" name="com.trilobiet.graphqlweb.implementations.aexpgraphql.ArgumentParserTest" time="0.015" tests="4" errors="0" skipped="0" failures="0">
  <properties>
[...]
</properties>
  <testcase name="test_parse_from_null" classname="com.trilobiet.graphqlweb.implementations.aexpgraphql.ArgumentParserTest" time="0"/>
  <testcase name="test_parse_from_invalid_string" classname="com.trilobiet.graphqlweb.implementations.aexpgraphql.ArgumentParserTest" time="0"/>
  <testcase name="test_parse_from_string" classname="com.trilobiet.graphqlweb.implementations.aexpgraphql.ArgumentParserTest" time="0.014"/>
  <testcase name="test_parse_from_empty_string" classname="com.trilobiet.graphqlweb.implementations.aexpgraphql.ArgumentParserTest" time="0"/>
</testsuite>