<?xml version="1.0" encoding="UTF-8"?>
<testsuite xmlns:xsi="http://www.w3.org/2001/XMLSchema-instance" xsi:noNamespaceSchemaLocation="https://maven.apache.org/surefire/maven-surefire-plugin/xsd/surefire-test-report.xsd" name="graphqlweb.TopicTests" time="2.148" tests="2" errors="0" skipped="0" failures="2">
  <properties>
    <property name="awt.toolkit" value="sun.awt.X11.XToolkit"/>
    <property name="java.specification.version" value="11"/>
    <property name="sun.cpu.isalist" value=""/>
    <property name="sun.jnu.encoding" value="UTF-8"/>
    <property name="java.class.path" value="/home/acdhirr/JavaProjects2017/graphqlweb/target/test-classes:/home/acdhirr/JavaProjects2017/graphqlweb/target/classes:/home/acdhirr/.m2/repository/io/aexp/nodes/graphql/nodes/0.5.0/nodes-0.5.0.jar:/home/acdhirr/.m2/repository/com/fasterxml/jackson/core/jackson-annotations/2.9.4/jackson-annotations-2.9.4.jar:/home/acdhirr/.m2/repository/com/fasterxml/jackson/core/jackson-databind/2.9.7/jackson-databind-2.9.7.jar:/home/acdhirr/.m2/repository/com/fasterxml/jackson/core/jackson-core/2.9.7/jackson-core-2.9.7.jar:/home/acdhirr/.m2/repository/com/fasterxml/jackson/datatype/jackson-datatype-jsr310/2.9.7/jackson-datatype-jsr310-2.9.7.jar:/home/acdhirr/.m2/repository/com/atlassian/commonmark/commonmark/0.13.1/commonmark-0.13.1.jar:/home/acdhirr/.m2/repository/com/atlassian/commonmark/commonmark-ext-gfm-tables/0.13.1/commonmark-ext-gfm-tables-0.13.1.jar:/home/acdhirr/.m2/repository/junit/junit/4.13/junit-4.13.jar:/home/acdhirr/.m2/repository/org/hamcrest/hamcrest-core/1.3/hamcrest-core-1.3.jar:/home/acdhirr/.m2/repository/com/squareup/okhttp3/mockwebserver/3.10.0/mockwebserver-3.10.0.jar:/home/acdhirr/.m2/repository/com/squareup/okhttp3/okhttp/3.10.0/okhttp-3.10.0.jar:/home/acdhirr/.m2/repository/com/squareup/okio/okio/1.14.0/okio-1.14.0.jar:/home/acdhirr/.m2/repository/org/bouncycastle/bcprov-jdk15on/1.50/bcprov-jdk15on-1.50.jar:/home/acdhirr/.m2/repository/org/mockito/mockito-core/3.2.4/mockito-core-3.2.4.jar:/home/acdhirr/.m2/repository/net/bytebuddy/byte-buddy/1.10.5/byte-buddy-1.10.5.jar:/home/acdhirr/.m2/repository/net/bytebuddy/byte-buddy-agent/1.10.5/byte-buddy-agent-1.10.5.jar:/home/acdhirr/.m2/repository/org/objenesis/objenesis/2.6/objenesis-2.6.jar:"/>
    <property name="java.vm.vendor" value="Private Build"/>
    <property name="sun.arch.data.model" value="64"/>
    <property name="java.vendor.url" value="Unknown"/>
    <property name="user.timezone" value=""/>
    <property name="java.vm.specification.version" value="11"/>
    <property name="os.name" value="Linux"/>
    <property name="sun.java.launcher" value="SUN_STANDARD"/>
    <property name="user.country" value="US"/>
    <property name="sun.boot.library.path" value="/usr/lib/jvm/java-11-openjdk-amd64/lib"/>
    <property name="sun.java.command" value="/home/acdhirr/JavaProjects2017/graphqlweb/target/surefire/surefirebooter8889456773227933087.jar /home/acdhirr/JavaProjects2017/graphqlweb/target/surefire 2020-01-19T20-43-08_747-jvmRun1 surefire8376409347316934581tmp surefire_015516974282269811447tmp"/>
    <property name="jdk.debug" value="release"/>
    <property name="surefire.test.class.path" value="/home/acdhirr/JavaProjects2017/graphqlweb/target/test-classes:/home/acdhirr/JavaProjects2017/graphqlweb/target/classes:/home/acdhirr/.m2/repository/io/aexp/nodes/graphql/nodes/0.5.0/nodes-0.5.0.jar:/home/acdhirr/.m2/repository/com/fasterxml/jackson/core/jackson-annotations/2.9.4/jackson-annotations-2.9.4.jar:/home/acdhirr/.m2/repository/com/fasterxml/jackson/core/jackson-databind/2.9.7/jackson-databind-2.9.7.jar:/home/acdhirr/.m2/repository/com/fasterxml/jackson/core/jackson-core/2.9.7/jackson-core-2.9.7.jar:/home/acdhirr/.m2/repository/com/fasterxml/jackson/datatype/jackson-datatype-jsr310/2.9.7/jackson-datatype-jsr310-2.9.7.jar:/home/acdhirr/.m2/repository/com/atlassian/commonmark/commonmark/0.13.1/commonmark-0.13.1.jar:/home/acdhirr/.m2/repository/com/atlassian/commonmark/commonmark-ext-gfm-tables/0.13.1/commonmark-ext-gfm-tables-0.13.1.jar:/home/acdhirr/.m2/repository/junit/junit/4.13/junit-4.13.jar:/home/acdhirr/.m2/repository/org/hamcrest/hamcrest-core/1.3/hamcrest-core-1.3.jar:/home/acdhirr/.m2/repository/com/squareup/okhttp3/mockwebserver/3.10.0/mockwebserver-3.10.0.jar:/home/acdhirr/.m2/repository/com/squareup/okhttp3/okhttp/3.10.0/okhttp-3.10.0.jar:/home/acdhirr/.m2/repository/com/squareup/okio/okio/1.14.0/okio-1.14.0.jar:/home/acdhirr/.m2/repository/org/bouncycastle/bcprov-jdk15on/1.50/bcprov-jdk15on-1.50.jar:/home/acdhirr/.m2/repository/org/mockito/mockito-core/3.2.4/mockito-core-3.2.4.jar:/home/acdhirr/.m2/repository/net/bytebuddy/byte-buddy/1.10.5/byte-buddy-1.10.5.jar:/home/acdhirr/.m2/repository/net/bytebuddy/byte-buddy-agent/1.10.5/byte-buddy-agent-1.10.5.jar:/home/acdhirr/.m2/repository/org/objenesis/objenesis/2.6/objenesis-2.6.jar:"/>
    <property name="sun.cpu.endian" value="little"/>
    <property name="user.home" value="/home/acdhirr"/>
    <property name="user.language" value="en"/>
    <property name="java.specification.vendor" value="Oracle Corporation"/>
    <property name="java.version.date" value="2019-10-15"/>
    <property name="java.home" value="/usr/lib/jvm/java-11-openjdk-amd64"/>
    <property name="file.separator" value="/"/>
    <property name="basedir" value="/home/acdhirr/JavaProjects2017/graphqlweb"/>
    <property name="java.vm.compressedOopsMode" value="Zero based"/>
    <property name="line.separator" value="&#10;"/>
    <property name="java.specification.name" value="Java Platform API Specification"/>
    <property name="java.vm.specification.vendor" value="Oracle Corporation"/>
    <property name="java.awt.graphicsenv" value="sun.awt.X11GraphicsEnvironment"/>
    <property name="surefire.real.class.path" value="/home/acdhirr/JavaProjects2017/graphqlweb/target/surefire/surefirebooter8889456773227933087.jar"/>
    <property name="sun.management.compiler" value="HotSpot 64-Bit Tiered Compilers"/>
    <property name="java.runtime.version" value="11.0.5+10-post-Ubuntu-0ubuntu1.118.04"/>
    <property name="user.name" value="acdhirr"/>
    <property name="path.separator" value=":"/>
    <property name="os.version" value="4.15.0-74-generic"/>
    <property name="java.runtime.name" value="OpenJDK Runtime Environment"/>
    <property name="file.encoding" value="UTF-8"/>
    <property name="java.vm.name" value="OpenJDK 64-Bit Server VM"/>
    <property name="localRepository" value="/home/acdhirr/.m2/repository"/>
    <property name="java.vendor.url.bug" value="Unknown"/>
    <property name="java.io.tmpdir" value="/tmp"/>
    <property name="java.version" value="11.0.5"/>
    <property name="user.dir" value="/home/acdhirr/JavaProjects2017/graphqlweb"/>
    <property name="os.arch" value="amd64"/>
    <property name="java.vm.specification.name" value="Java Virtual Machine Specification"/>
    <property name="java.awt.printerjob" value="sun.print.PSPrinterJob"/>
    <property name="sun.os.patch.level" value="unknown"/>
    <property name="java.library.path" value="/usr/java/packages/lib:/usr/lib/x86_64-linux-gnu/jni:/lib/x86_64-linux-gnu:/usr/lib/x86_64-linux-gnu:/usr/lib/jni:/lib:/usr/lib"/>
    <property name="java.vendor" value="Private Build"/>
    <property name="java.vm.info" value="mixed mode, sharing"/>
    <property name="java.vm.version" value="11.0.5+10-post-Ubuntu-0ubuntu1.118.04"/>
    <property name="sun.io.unicode.encoding" value="UnicodeLittle"/>
    <property name="java.class.version" value="55.0"/>
  </properties>
  <testcase name="given_json_from_file_then_create_list_of_topics" classname="graphqlweb.TopicTests" time="1.981">
    <failure message="expected:&lt;[Topic Topic 1, articles=[Topic.Article [id=223, slug=/article1, title=Article 1]]], Topic Topic 2, articles=[Topic.Article [id=224, slug=/article2, title=Article 2]]], Topic Topic 3, articles=[Topic.Article [id=225, slug=/article3, title=Article 3]]]]&gt; but was:&lt;[]&gt;" type="java.lang.AssertionError">java.lang.AssertionError: expected:&lt;[Topic Topic 1, articles=[Topic.Article [id=223, slug=/article1, title=Article 1]]], Topic Topic 2, articles=[Topic.Article [id=224, slug=/article2, title=Article 2]]], Topic Topic 3, articles=[Topic.Article [id=225, slug=/article3, title=Article 3]]]]&gt; but was:&lt;[]&gt;	at graphqlweb.TopicTests.given_json_from_file_then_create_list_of_topics(TopicTests.java:80)</failure>
    <system-err><![CDATA[Jan 19, 2020 8:43:11 PM okhttp3.mockwebserver.MockWebServer$2 execute
INFO: MockWebServer[38677] starting to accept connections
Jan 19, 2020 8:43:11 PM okhttp3.mockwebserver.MockWebServer$3 processOneRequest
INFO: MockWebServer[38677] received request: POST /testTopicsMapping HTTP/1.1 and responded: HTTP/1.1 200 OK
Jan 19, 2020 8:43:11 PM okhttp3.mockwebserver.MockWebServer$2 acceptConnections
INFO: MockWebServer[38677] done accepting connections: Socket closed
]]></system-err>
  </testcase>
  <testcase name="testNothing" classname="graphqlweb.TopicTests" time="0.013">
    <failure message="These are not the same,  expected:&lt;1&gt; but was:&lt;2&gt;" type="java.lang.AssertionError"><![CDATA[java.lang.AssertionError: These are not the same,  expected:<1> but was:<2>
	at graphqlweb.TopicTests.testNothing(TopicTests.java:51)
]]></failure>
    <system-err><![CDATA[Jan 19, 2020 8:43:11 PM okhttp3.mockwebserver.MockWebServer$2 execute
INFO: MockWebServer[44661] starting to accept connections
Jan 19, 2020 8:43:11 PM okhttp3.mockwebserver.MockWebServer$2 acceptConnections
INFO: MockWebServer[44661] done accepting connections: Socket is closed
]]></system-err>
  </testcase>
</testsuite>